Using pre-set license
Built from '2020.2/release' branch; Version is '2020.2.2f1 (068178b99f32) revision 426360'; Using compiler version '192528614'; Build Type 'Release'
OS: 'Windows 10 Pro; OS build 19042.1288; Version 2009; 64bit' Language: 'en' Physical Memory: 16187 MB
BatchMode: 1, IsHumanControllingUs: 0, StartBugReporterOnCrash: 0, Is64bit: 1, IsPro: 0

 COMMAND LINE ARGUMENTS:
C:\Program Files\Unity\Hub\Editor\2020.2.2f1\Editor\Unity.exe
-adb2
-batchMode
-noUpm
-name
AssetImportWorker0
-projectPath
C:/Users/timhe/Desktop/Work and stuff/TAFE/TAFE Git/Cyber-Ninja
-logFile
Logs/AssetImportWorker0.log
-srvPort
49618
Successfully changed project path to: C:/Users/timhe/Desktop/Work and stuff/TAFE/TAFE Git/Cyber-Ninja
C:/Users/timhe/Desktop/Work and stuff/TAFE/TAFE Git/Cyber-Ninja
Using Asset Import Pipeline V2.
Refreshing native plugins compatible for Editor in 33.40 ms, found 1 plugins.
Preloading 0 native plugins for Editor in 0.00 ms.
Initialize engine version: 2020.2.2f1 (068178b99f32)
[Subsystems] Discovering subsystems at path C:/Program Files/Unity/Hub/Editor/2020.2.2f1/Editor/Data/Resources/UnitySubsystems
[Subsystems] Discovering subsystems at path C:/Users/timhe/Desktop/Work and stuff/TAFE/TAFE Git/Cyber-Ninja/Assets
GfxDevice: creating device client; threaded=0
Direct3D:
    Version:  Direct3D 11.0 [level 11.1]
    Renderer: NVIDIA GeForce GTX 1660 Ti (ID=0x2191)
    Vendor:   
    VRAM:     5991 MB
    Driver:   27.21.14.6230
Initialize mono
Mono path[0] = 'C:/Program Files/Unity/Hub/Editor/2020.2.2f1/Editor/Data/Managed'
Mono path[1] = 'C:/Program Files/Unity/Hub/Editor/2020.2.2f1/Editor/Data/MonoBleedingEdge/lib/mono/unityjit'
Mono config path = 'C:/Program Files/Unity/Hub/Editor/2020.2.2f1/Editor/Data/MonoBleedingEdge/etc'
Using monoOptions --debugger-agent=transport=dt_socket,embedding=1,server=y,suspend=n,address=127.0.0.1:56436
Begin MonoManager ReloadAssembly
Registering precompiled unity dll's ...
Register platform support module: C:/Program Files/Unity/Hub/Editor/2020.2.2f1/Editor/Data/PlaybackEngines/WindowsStandaloneSupport/UnityEditor.WindowsStandalone.Extensions.dll
Registered in 0.001832 seconds.
Native extension for WindowsStandalone target not found
Refreshing native plugins compatible for Editor in 36.98 ms, found 1 plugins.
Preloading 0 native plugins for Editor in 0.00 ms.
Invoked RoslynAnalysisRunner static constructor.
RoslynAnalysisRunner will not be running.
RoslynAnalysisRunner has terminated.
Mono: successfully reloaded assembly
- Completed reload, in  1.002 seconds
Platform modules already initialized, skipping
Registering precompiled user dll's ...
Registered in 0.000972 seconds.
Begin MonoManager ReloadAssembly
Native extension for WindowsStandalone target not found
Refreshing native plugins compatible for Editor in 33.25 ms, found 1 plugins.
Preloading 0 native plugins for Editor in 0.00 ms.
Invoked RoslynAnalysisRunner static constructor.
RoslynAnalysisRunner will not be running.
RoslynAnalysisRunner has terminated.
Mono: successfully reloaded assembly
- Completed reload, in  0.865 seconds
Platform modules already initialized, skipping
========================================================================
Worker process is ready to serve import requests
Launched and connected shader compiler UnityShaderCompiler.exe after 0.04 seconds
Refreshing native plugins compatible for Editor in 0.30 ms, found 1 plugins.
Preloading 0 native plugins for Editor in 0.00 ms.
Unloading 1800 Unused Serialized files (Serialized files now loaded: 0)
System memory in use before: 84.5 MB.
System memory in use after: 84.5 MB.

Unloading 23 unused Assets to reduce memory usage. Loaded Objects now: 2244.
Total: 1.956600 ms (FindLiveObjects: 0.187200 ms CreateObjectMapping: 0.111800 ms MarkObjects: 1.556000 ms  DeleteObjects: 0.100900 ms)

========================================================================
Received Import Request.
  path: Assets/Scenes/SampleScene.unity
  artifactKey: Guid(2cda990e2423bbf4892e6590ba056729) Importer(815301076,1909f56bfc062723c751e8b465ee728b)
Start importing Assets/Scenes/SampleScene.unity using Guid(2cda990e2423bbf4892e6590ba056729) Importer(815301076,1909f56bfc062723c751e8b465ee728b)  -> (artifact id: 'e5160a9e4f345859abe0d4261c7251ae') in 0.015439 seconds
  Import took 0.017951 seconds .

========================================================================
Received Prepare
Registering precompiled user dll's ...
Registered in 0.001326 seconds.
Begin MonoManager ReloadAssembly
Native extension for WindowsStandalone target not found
Refreshing native plugins compatible for Editor in 0.33 ms, found 1 plugins.
Preloading 0 native plugins for Editor in 0.00 ms.
Invoked RoslynAnalysisRunner static constructor.
RoslynAnalysisRunner will not be running.
RoslynAnalysisRunner has terminated.
Mono: successfully reloaded assembly
- Completed reload, in  0.830 seconds
Platform modules already initialized, skipping
Refreshing native plugins compatible for Editor in 0.41 ms, found 1 plugins.
Preloading 0 native plugins for Editor in 0.00 ms.
Unloading 1795 Unused Serialized files (Serialized files now loaded: 0)
System memory in use before: 84.6 MB.
System memory in use after: 84.6 MB.

Unloading 12 unused Assets to reduce memory usage. Loaded Objects now: 2247.
Total: 2.298000 ms (FindLiveObjects: 0.177000 ms CreateObjectMapping: 0.071600 ms MarkObjects: 1.939800 ms  DeleteObjects: 0.107000 ms)

========================================================================
Received Import Request.
  Time since last request: 200.599478 seconds.
  path: Assets/Prefabs/4wd_2.prefab
  artifactKey: Guid(23f436e3a1ac4e543917bef3b2991e49) Importer(815301076,1909f56bfc062723c751e8b465ee728b)
Start importing Assets/Prefabs/4wd_2.prefab using Guid(23f436e3a1ac4e543917bef3b2991e49) Importer(815301076,1909f56bfc062723c751e8b465ee728b)  -> (artifact id: '676531d674d5d968c255863ebb50b366') in 0.117547 seconds
  Import took 0.120412 seconds .

========================================================================
Received Import Request.
  Time since last request: 2.936570 seconds.
  path: Assets/Prefabs/bike.prefab
  artifactKey: Guid(3f40b097aabbfcd46900410351925dd3) Importer(815301076,1909f56bfc062723c751e8b465ee728b)
Start importing Assets/Prefabs/bike.prefab using Guid(3f40b097aabbfcd46900410351925dd3) Importer(815301076,1909f56bfc062723c751e8b465ee728b)  -> (artifact id: '18e40a6450189b0d73890effb7f654c0') in 0.020417 seconds
  Import took 0.023583 seconds .

========================================================================
Received Import Request.
  Time since last request: 2.320084 seconds.
  path: Assets/Prefabs/Car.prefab
  artifactKey: Guid(33643c3f6a87cb54b95fb1f1b0a45744) Importer(815301076,1909f56bfc062723c751e8b465ee728b)
Start importing Assets/Prefabs/Car.prefab using Guid(33643c3f6a87cb54b95fb1f1b0a45744) Importer(815301076,1909f56bfc062723c751e8b465ee728b)  -> (artifact id: 'bdc2459980260ca417dde88d88c603b8') in 0.018718 seconds
  Import took 0.022867 seconds .

========================================================================
Received Import Request.
  Time since last request: 2.518031 seconds.
  path: Assets/Prefabs/Circle 1.prefab
  artifactKey: Guid(ef2f7dc0df62e9b4794abd4960b134a9) Importer(815301076,1909f56bfc062723c751e8b465ee728b)
Start importing Assets/Prefabs/Circle 1.prefab using Guid(ef2f7dc0df62e9b4794abd4960b134a9) Importer(815301076,1909f56bfc062723c751e8b465ee728b)  -> (artifact id: 'de0316fe2e54bd36325550ed1a99c426') in 0.014558 seconds
  Import took 0.018536 seconds .

========================================================================
Received Import Request.
  Time since last request: 2.325751 seconds.
  path: Assets/Prefabs/Circle.prefab
  artifactKey: Guid(e0179f41faf321f4daeaf66ed877dc0d) Importer(815301076,1909f56bfc062723c751e8b465ee728b)
Start importing Assets/Prefabs/Circle.prefab using Guid(e0179f41faf321f4daeaf66ed877dc0d) Importer(815301076,1909f56bfc062723c751e8b465ee728b)  -> (artifact id: 'f674971ebb624734a1fbd32b8fc47a0b') in 0.014621 seconds
  Import took 0.018619 seconds .

========================================================================
Received Import Request.
  Time since last request: 0.002010 seconds.
  path: Assets/Prefabs/Circle.prefab
  artifactKey: Guid(e0179f41faf321f4daeaf66ed877dc0d) Importer(815301076,1909f56bfc062723c751e8b465ee728b)
Start importing Assets/Prefabs/Circle.prefab using Guid(e0179f41faf321f4daeaf66ed877dc0d) Importer(815301076,1909f56bfc062723c751e8b465ee728b)  -> (artifact id: 'f674971ebb624734a1fbd32b8fc47a0b') in 0.009225 seconds
  Import took 0.012855 seconds .

========================================================================
Received Import Request.
  Time since last request: 2.212226 seconds.
  path: Assets/Prefabs/signs+darts_0.prefab
  artifactKey: Guid(fe37b4294c022794fbfa24e60166c1f3) Importer(815301076,1909f56bfc062723c751e8b465ee728b)
Start importing Assets/Prefabs/signs+darts_0.prefab using Guid(fe37b4294c022794fbfa24e60166c1f3) Importer(815301076,1909f56bfc062723c751e8b465ee728b)  -> (artifact id: '0cff28b5280996a61fb70031d63601b6') in 0.014892 seconds
  Import took 0.018578 seconds .

========================================================================
Received Import Request.
  Time since last request: 2.617704 seconds.
  path: Assets/Prefabs/signs+darts_2 1.prefab
  artifactKey: Guid(9a2d170ba301e9c4f93f1d4ec3335410) Importer(815301076,1909f56bfc062723c751e8b465ee728b)
Start importing Assets/Prefabs/signs+darts_2 1.prefab using Guid(9a2d170ba301e9c4f93f1d4ec3335410) Importer(815301076,1909f56bfc062723c751e8b465ee728b)  -> (artifact id: '0ea47f0f7afb27172f5d31c4e90555be') in 0.013456 seconds
  Import took 0.016295 seconds .

========================================================================
Received Import Request.
  Time since last request: 2.577660 seconds.
  path: Assets/Prefabs/signs+darts_3.prefab
  artifactKey: Guid(43d2819a5d8e9cc48b81cf0cabfe3499) Importer(815301076,1909f56bfc062723c751e8b465ee728b)
Start importing Assets/Prefabs/signs+darts_3.prefab using Guid(43d2819a5d8e9cc48b81cf0cabfe3499) Importer(815301076,1909f56bfc062723c751e8b465ee728b)  -> (artifact id: 'b19d3c919d8785a450eb70bd1aecd60d') in 0.014530 seconds
  Import took 0.017805 seconds .

========================================================================
Received Import Request.
  Time since last request: 13.936159 seconds.
  path: Assets/Prefabs/signs+darts_4 Variant.prefab
  artifactKey: Guid(e1afcdb04a98e7442a6ca8366b7e2d61) Importer(815301076,1909f56bfc062723c751e8b465ee728b)
Start importing Assets/Prefabs/signs+darts_4 Variant.prefab using Guid(e1afcdb04a98e7442a6ca8366b7e2d61) Importer(815301076,1909f56bfc062723c751e8b465ee728b)  -> (artifact id: '80cea83268fbb7d3eef9886de2e7aea4') in 0.014252 seconds
  Import took 0.018049 seconds .

========================================================================
Received Import Request.
  Time since last request: 10.695348 seconds.
  path: Assets/Prefabs/signs+darts_4 1.prefab
  artifactKey: Guid(7b0e25844dc9d694eae01e7444a03e9f) Importer(815301076,1909f56bfc062723c751e8b465ee728b)
Start importing Assets/Prefabs/signs+darts_4 1.prefab using Guid(7b0e25844dc9d694eae01e7444a03e9f) Importer(815301076,1909f56bfc062723c751e8b465ee728b)  -> (artifact id: '4b09eb414fb04e7cc5e06b41d722ee74') in 0.011584 seconds
  Import took 0.014395 seconds .

========================================================================
Received Import Request.
  Time since last request: 25.589480 seconds.
  path: Assets/Prefabs/Square 1.prefab
  artifactKey: Guid(7d3f00b18568f9942a53736a79b1de6b) Importer(815301076,1909f56bfc062723c751e8b465ee728b)
Start importing Assets/Prefabs/Square 1.prefab using Guid(7d3f00b18568f9942a53736a79b1de6b) Importer(815301076,1909f56bfc062723c751e8b465ee728b)  -> (artifact id: '63fdf0690a59a799b7e2a50f59d85efe') in 0.012718 seconds
  Import took 0.016097 seconds .

========================================================================
Received Prepare
Registering precompiled user dll's ...
Registered in 0.000884 seconds.
Begin MonoManager ReloadAssembly
Native extension for WindowsStandalone target not found
Refreshing native plugins compatible for Editor in 0.33 ms, found 1 plugins.
Preloading 0 native plugins for Editor in 0.00 ms.
Invoked RoslynAnalysisRunner static constructor.
RoslynAnalysisRunner will not be running.
RoslynAnalysisRunner has terminated.
Mono: successfully reloaded assembly
- Completed reload, in  0.766 seconds
Platform modules already initialized, skipping
Refreshing native plugins compatible for Editor in 0.36 ms, found 1 plugins.
Preloading 0 native plugins for Editor in 0.00 ms.
Unloading 1795 Unused Serialized files (Serialized files now loaded: 0)
System memory in use before: 87.8 MB.
System memory in use after: 87.8 MB.

Unloading 12 unused Assets to reduce memory usage. Loaded Objects now: 2257.
Total: 1.964000 ms (FindLiveObjects: 0.196700 ms CreateObjectMapping: 0.063100 ms MarkObjects: 1.571200 ms  DeleteObjects: 0.132000 ms)

========================================================================
Received Prepare
Registering precompiled user dll's ...
Registered in 0.000936 seconds.
Begin MonoManager ReloadAssembly
Native extension for WindowsStandalone target not found
Refreshing native plugins compatible for Editor in 0.34 ms, found 1 plugins.
Preloading 0 native plugins for Editor in 0.00 ms.
Invoked RoslynAnalysisRunner static constructor.
RoslynAnalysisRunner will not be running.
RoslynAnalysisRunner has terminated.
Mono: successfully reloaded assembly
- Completed reload, in  0.771 seconds
Platform modules already initialized, skipping
Refreshing native plugins compatible for Editor in 0.33 ms, found 1 plugins.
Preloading 0 native plugins for Editor in 0.00 ms.
Unloading 1795 Unused Serialized files (Serialized files now loaded: 0)
System memory in use before: 87.9 MB.
System memory in use after: 87.9 MB.

Unloading 12 unused Assets to reduce memory usage. Loaded Objects now: 2260.
Total: 1.943300 ms (FindLiveObjects: 0.167500 ms CreateObjectMapping: 0.061200 ms MarkObjects: 1.623600 ms  DeleteObjects: 0.090000 ms)

========================================================================
Received Prepare
Registering precompiled user dll's ...
Registered in 0.000934 seconds.
Begin MonoManager ReloadAssembly
Native extension for WindowsStandalone target not found
Refreshing native plugins compatible for Editor in 0.56 ms, found 1 plugins.
Preloading 0 native plugins for Editor in 0.00 ms.
Invoked RoslynAnalysisRunner static constructor.
RoslynAnalysisRunner will not be running.
RoslynAnalysisRunner has terminated.
Mono: successfully reloaded assembly
- Completed reload, in  0.761 seconds
Platform modules already initialized, skipping
Refreshing native plugins compatible for Editor in 0.46 ms, found 1 plugins.
Preloading 0 native plugins for Editor in 0.00 ms.
Unloading 1795 Unused Serialized files (Serialized files now loaded: 0)
System memory in use before: 88.0 MB.
System memory in use after: 88.0 MB.

Unloading 12 unused Assets to reduce memory usage. Loaded Objects now: 2263.
Total: 2.365800 ms (FindLiveObjects: 0.272400 ms CreateObjectMapping: 0.090000 ms MarkObjects: 1.907800 ms  DeleteObjects: 0.094200 ms)

========================================================================
Received Import Request.
  Time since last request: 209.674322 seconds.
  path: Assets/Prefabs/signs+darts_4.prefab
  artifactKey: Guid(28d98c3587cbdfb42a1eadd429369dc1) Importer(815301076,1909f56bfc062723c751e8b465ee728b)
Start importing Assets/Prefabs/signs+darts_4.prefab using Guid(28d98c3587cbdfb42a1eadd429369dc1) Importer(815301076,1909f56bfc062723c751e8b465ee728b)  -> (artifact id: '7cf72ecb1a7e601f77660f9f1ae50d3c') in 0.061957 seconds
  Import took 0.065240 seconds .

========================================================================
Received Prepare
Registering precompiled user dll's ...
Registered in 0.000923 seconds.
Begin MonoManager ReloadAssembly
Native extension for WindowsStandalone target not found
Refreshing native plugins compatible for Editor in 0.32 ms, found 1 plugins.
Preloading 0 native plugins for Editor in 0.00 ms.
Invoked RoslynAnalysisRunner static constructor.
RoslynAnalysisRunner will not be running.
RoslynAnalysisRunner has terminated.
Mono: successfully reloaded assembly
- Completed reload, in  0.767 seconds
Platform modules already initialized, skipping
Refreshing native plugins compatible for Editor in 0.42 ms, found 1 plugins.
Preloading 0 native plugins for Editor in 0.00 ms.
Unloading 1795 Unused Serialized files (Serialized files now loaded: 0)
System memory in use before: 88.1 MB.
System memory in use after: 88.1 MB.

Unloading 12 unused Assets to reduce memory usage. Loaded Objects now: 2267.
Total: 2.192600 ms (FindLiveObjects: 0.182700 ms CreateObjectMapping: 0.057000 ms MarkObjects: 1.860300 ms  DeleteObjects: 0.091700 ms)

========================================================================
Received Import Request.
  Time since last request: 79.759982 seconds.
  path: Assets/Prefabs/signs+darts_3.prefab
  artifactKey: Guid(43d2819a5d8e9cc48b81cf0cabfe3499) Importer(815301076,1909f56bfc062723c751e8b465ee728b)
Start importing Assets/Prefabs/signs+darts_3.prefab using Guid(43d2819a5d8e9cc48b81cf0cabfe3499) Importer(815301076,1909f56bfc062723c751e8b465ee728b)  -> (artifact id: '7837c1ca936a95a75c535ffb748f8af2') in 0.060572 seconds
  Import took 0.064597 seconds .

========================================================================
Received Prepare
Registering precompiled user dll's ...
Registered in 0.000910 seconds.
Begin MonoManager ReloadAssembly
Native extension for WindowsStandalone target not found
Refreshing native plugins compatible for Editor in 0.36 ms, found 1 plugins.
Preloading 0 native plugins for Editor in 0.00 ms.
Invoked RoslynAnalysisRunner static constructor.
RoslynAnalysisRunner will not be running.
RoslynAnalysisRunner has terminated.
Mono: successfully reloaded assembly
- Completed reload, in  0.790 seconds
Platform modules already initialized, skipping
Refreshing native plugins compatible for Editor in 0.34 ms, found 1 plugins.
Preloading 0 native plugins for Editor in 0.00 ms.
Unloading 1795 Unused Serialized files (Serialized files now loaded: 0)
System memory in use before: 88.2 MB.
System memory in use after: 88.2 MB.

Unloading 12 unused Assets to reduce memory usage. Loaded Objects now: 2271.
Total: 2.052700 ms (FindLiveObjects: 0.192900 ms CreateObjectMapping: 0.067700 ms MarkObjects: 1.689700 ms  DeleteObjects: 0.101300 ms)

========================================================================
Received Import Request.
  Time since last request: 195.952095 seconds.
  path: Assets/Prefabs/signs+darts_2 1.prefab
  artifactKey: Guid(9a2d170ba301e9c4f93f1d4ec3335410) Importer(815301076,1909f56bfc062723c751e8b465ee728b)
Start importing Assets/Prefabs/signs+darts_2 1.prefab using Guid(9a2d170ba301e9c4f93f1d4ec3335410) Importer(815301076,1909f56bfc062723c751e8b465ee728b)  -> (artifact id: 'f47124af5c60de828e035709d450617a') in 0.045503 seconds
  Import took 0.048361 seconds .

========================================================================
Received Import Request.
  Time since last request: 2.830711 seconds.
  path: Assets/Prefabs/Circle 1.prefab
  artifactKey: Guid(ef2f7dc0df62e9b4794abd4960b134a9) Importer(815301076,1909f56bfc062723c751e8b465ee728b)
Start importing Assets/Prefabs/Circle 1.prefab using Guid(ef2f7dc0df62e9b4794abd4960b134a9) Importer(815301076,1909f56bfc062723c751e8b465ee728b)  -> (artifact id: '493574796a44a5f8b395d976dc5752e1') in 0.007876 seconds
  Import took 0.011044 seconds .

========================================================================
Received Prepare
Registering precompiled user dll's ...
Registered in 0.001151 seconds.
Begin MonoManager ReloadAssembly
Native extension for WindowsStandalone target not found
Refreshing native plugins compatible for Editor in 0.32 ms, found 1 plugins.
Preloading 0 native plugins for Editor in 0.00 ms.
Invoked RoslynAnalysisRunner static constructor.
RoslynAnalysisRunner will not be running.
RoslynAnalysisRunner has terminated.
Mono: successfully reloaded assembly
- Completed reload, in  0.765 seconds
Platform modules already initialized, skipping
Refreshing native plugins compatible for Editor in 0.31 ms, found 1 plugins.
Preloading 0 native plugins for Editor in 0.00 ms.
Unloading 1795 Unused Serialized files (Serialized files now loaded: 0)
System memory in use before: 88.3 MB.
System memory in use after: 88.3 MB.

Unloading 12 unused Assets to reduce memory usage. Loaded Objects now: 2275.
Total: 1.964700 ms (FindLiveObjects: 0.183100 ms CreateObjectMapping: 0.059100 ms MarkObjects: 1.620600 ms  DeleteObjects: 0.100800 ms)

========================================================================
Received Prepare
Registering precompiled user dll's ...
Registered in 0.001132 seconds.
Begin MonoManager ReloadAssembly
Native extension for WindowsStandalone target not found
Refreshing native plugins compatible for Editor in 0.33 ms, found 1 plugins.
Preloading 0 native plugins for Editor in 0.00 ms.
Invoked RoslynAnalysisRunner static constructor.
RoslynAnalysisRunner will not be running.
RoslynAnalysisRunner has terminated.
Mono: successfully reloaded assembly
- Completed reload, in  0.744 seconds
Platform modules already initialized, skipping
Refreshing native plugins compatible for Editor in 0.35 ms, found 1 plugins.
Preloading 0 native plugins for Editor in 0.00 ms.
Unloading 1795 Unused Serialized files (Serialized files now loaded: 0)
System memory in use before: 88.4 MB.
System memory in use after: 88.4 MB.

Unloading 12 unused Assets to reduce memory usage. Loaded Objects now: 2278.
Total: 2.010100 ms (FindLiveObjects: 0.170600 ms CreateObjectMapping: 0.063400 ms MarkObjects: 1.676200 ms  DeleteObjects: 0.098700 ms)

========================================================================
Received Import Request.
  Time since last request: 178.341832 seconds.
  path: Assets/Scenes/GameOver.unity
  artifactKey: Guid(28f47cccaccc5604a94336b31f78e03b) Importer(815301076,1909f56bfc062723c751e8b465ee728b)
Start importing Assets/Scenes/GameOver.unity using Guid(28f47cccaccc5604a94336b31f78e03b) Importer(815301076,1909f56bfc062723c751e8b465ee728b)  -> (artifact id: 'e3f2d0216118d3c54ae8b4fde1ee4c71') in 0.015235 seconds
  Import took 0.018300 seconds .

========================================================================
Received Import Request.
  Time since last request: 119.091694 seconds.
  path: Assets/Scripts/MusicScript.cs
  artifactKey: Guid(9bab692a5233c584c896cfdcf6e7a56c) Importer(815301076,1909f56bfc062723c751e8b465ee728b)
Start importing Assets/Scripts/MusicScript.cs using Guid(9bab692a5233c584c896cfdcf6e7a56c) Importer(815301076,1909f56bfc062723c751e8b465ee728b)  -> (artifact id: 'e87fe4babf934a60e289927108cce57e') in 0.011096 seconds
  Import took 0.014151 seconds .

========================================================================
Received Import Request.
  Time since last request: 0.001295 seconds.
  path: Assets/Scripts/MusicScript.cs
  artifactKey: Guid(9bab692a5233c584c896cfdcf6e7a56c) Importer(815301076,1909f56bfc062723c751e8b465ee728b)
Start importing Assets/Scripts/MusicScript.cs using Guid(9bab692a5233c584c896cfdcf6e7a56c) Importer(815301076,1909f56bfc062723c751e8b465ee728b)  -> (artifact id: 'e87fe4babf934a60e289927108cce57e') in 0.002831 seconds
  Import took 0.006815 seconds .

========================================================================
Received Import Request.
  Time since last request: 2.653612 seconds.
  path: Assets/Scripts/Menu.cs
  artifactKey: Guid(08280e288caf5a74bbf4f15fdb68a994) Importer(815301076,1909f56bfc062723c751e8b465ee728b)
Start importing Assets/Scripts/Menu.cs using Guid(08280e288caf5a74bbf4f15fdb68a994) Importer(815301076,1909f56bfc062723c751e8b465ee728b)  -> (artifact id: '8ac74da4958c19fe00ec7c4d812cb85c') in 0.006204 seconds
  Import took 0.008865 seconds .

========================================================================
Received Import Request.
  Time since last request: 0.002507 seconds.
  path: Assets/Scripts/Menu.cs
  artifactKey: Guid(08280e288caf5a74bbf4f15fdb68a994) Importer(815301076,1909f56bfc062723c751e8b465ee728b)
Start importing Assets/Scripts/Menu.cs using Guid(08280e288caf5a74bbf4f15fdb68a994) Importer(815301076,1909f56bfc062723c751e8b465ee728b)  -> (artifact id: '8ac74da4958c19fe00ec7c4d812cb85c') in 0.002627 seconds
  Import took 0.005428 seconds .

========================================================================
Received Import Request.
  Time since last request: 4.035667 seconds.
  path: Assets/Scripts/PlayerMove.cs
  artifactKey: Guid(69947eb175312d84db9451f190cf1747) Importer(815301076,1909f56bfc062723c751e8b465ee728b)
Start importing Assets/Scripts/PlayerMove.cs using Guid(69947eb175312d84db9451f190cf1747) Importer(815301076,1909f56bfc062723c751e8b465ee728b)  -> (artifact id: '4cc845e08487994fffe679fd36832cbf') in 0.006870 seconds
  Import took 0.010058 seconds .

========================================================================
Received Import Request.
  Time since last request: 3.656555 seconds.
  path: Assets/Scripts/SpawnScript.cs
  artifactKey: Guid(3e9cc778ba9099443861d830f75b0c37) Importer(815301076,1909f56bfc062723c751e8b465ee728b)
Start importing Assets/Scripts/SpawnScript.cs using Guid(3e9cc778ba9099443861d830f75b0c37) Importer(815301076,1909f56bfc062723c751e8b465ee728b)  -> (artifact id: '9bf51a6d36cda3e7a77ccd6ac32de2bb') in 0.006631 seconds
  Import took 0.009925 seconds .

========================================================================
Received Import Request.
  Time since last request: 21.194624 seconds.
  path: Assets/Scripts/GameOverScript.cs
  artifactKey: Guid(56ff6fd7764ba2d429be1ec9fa5a06e4) Importer(815301076,1909f56bfc062723c751e8b465ee728b)
Start importing Assets/Scripts/GameOverScript.cs using Guid(56ff6fd7764ba2d429be1ec9fa5a06e4) Importer(815301076,1909f56bfc062723c751e8b465ee728b)  -> (artifact id: 'dccca77cec1a5ff33a7c2b8fb2cbcc6e') in 0.010823 seconds
  Import took 0.013794 seconds .

========================================================================
Received Import Request.
  Time since last request: 14.604619 seconds.
  path: Assets/Scenes/SampleScene.unity
  artifactKey: Guid(2cda990e2423bbf4892e6590ba056729) Importer(815301076,1909f56bfc062723c751e8b465ee728b)
Start importing Assets/Scenes/SampleScene.unity using Guid(2cda990e2423bbf4892e6590ba056729) Importer(815301076,1909f56bfc062723c751e8b465ee728b)  -> (artifact id: '9764c288e5add2267d94457afbc0d5b8') in 0.005046 seconds
  Import took 0.008270 seconds .

========================================================================
Received Prepare
Registering precompiled user dll's ...
Registered in 0.001251 seconds.
Begin MonoManager ReloadAssembly
Native extension for WindowsStandalone target not found
Refreshing native plugins compatible for Editor in 0.31 ms, found 1 plugins.
Preloading 0 native plugins for Editor in 0.00 ms.
Invoked RoslynAnalysisRunner static constructor.
RoslynAnalysisRunner will not be running.
RoslynAnalysisRunner has terminated.
Mono: successfully reloaded assembly
- Completed reload, in  0.740 seconds
Platform modules already initialized, skipping
Refreshing native plugins compatible for Editor in 0.33 ms, found 1 plugins.
Preloading 0 native plugins for Editor in 0.00 ms.
Unloading 1795 Unused Serialized files (Serialized files now loaded: 0)
System memory in use before: 88.5 MB.
System memory in use after: 88.5 MB.

Unloading 12 unused Assets to reduce memory usage. Loaded Objects now: 2281.
Total: 1.959300 ms (FindLiveObjects: 0.190200 ms CreateObjectMapping: 0.067300 ms MarkObjects: 1.550000 ms  DeleteObjects: 0.150200 ms)

========================================================================
Received Import Request.
  Time since last request: 192.150139 seconds.
  path: Assets/Scripts/TimerDisplay.cs
  artifactKey: Guid(e2b35f88127b6e34c91154c659a433b6) Importer(815301076,1909f56bfc062723c751e8b465ee728b)
Start importing Assets/Scripts/TimerDisplay.cs using Guid(e2b35f88127b6e34c91154c659a433b6) Importer(815301076,1909f56bfc062723c751e8b465ee728b)  -> (artifact id: '78d468014c7c8964c16d1a11a05b21b9') in 0.010113 seconds
  Import took 0.013797 seconds .

========================================================================
Received Prepare
Registering precompiled user dll's ...
Registered in 0.001478 seconds.
Begin MonoManager ReloadAssembly
Native extension for WindowsStandalone target not found
Refreshing native plugins compatible for Editor in 0.32 ms, found 1 plugins.
Preloading 0 native plugins for Editor in 0.00 ms.
Invoked RoslynAnalysisRunner static constructor.
RoslynAnalysisRunner will not be running.
RoslynAnalysisRunner has terminated.
Mono: successfully reloaded assembly
- Completed reload, in  0.779 seconds
Platform modules already initialized, skipping
Refreshing native plugins compatible for Editor in 0.31 ms, found 1 plugins.
Preloading 0 native plugins for Editor in 0.00 ms.
Unloading 1796 Unused Serialized files (Serialized files now loaded: 0)
System memory in use before: 88.6 MB.
System memory in use after: 88.6 MB.

Unloading 12 unused Assets to reduce memory usage. Loaded Objects now: 2285.
Total: 1.996800 ms (FindLiveObjects: 0.193900 ms CreateObjectMapping: 0.070400 ms MarkObjects: 1.628900 ms  DeleteObjects: 0.102700 ms)

========================================================================
Received Import Request.
  Time since last request: 6.081445 seconds.
  path: Assets/Scenes/GameOver.unity
  artifactKey: Guid(28f47cccaccc5604a94336b31f78e03b) Importer(815301076,1909f56bfc062723c751e8b465ee728b)
Start importing Assets/Scenes/GameOver.unity using Guid(28f47cccaccc5604a94336b31f78e03b) Importer(815301076,1909f56bfc062723c751e8b465ee728b)  -> (artifact id: 'd0cd109a0cbbfa7b937608991690c594') in 0.018247 seconds
  Import took 0.021202 seconds .

========================================================================
Received Prepare
Registering precompiled user dll's ...
Registered in 0.001386 seconds.
Begin MonoManager ReloadAssembly
Native extension for WindowsStandalone target not found
Refreshing native plugins compatible for Editor in 0.63 ms, found 1 plugins.
Preloading 0 native plugins for Editor in 0.00 ms.
Invoked RoslynAnalysisRunner static constructor.
RoslynAnalysisRunner will not be running.
RoslynAnalysisRunner has terminated.
Mono: successfully reloaded assembly
- Completed reload, in  0.769 seconds
Platform modules already initialized, skipping
Refreshing native plugins compatible for Editor in 0.33 ms, found 1 plugins.
Preloading 0 native plugins for Editor in 0.00 ms.
Unloading 1796 Unused Serialized files (Serialized files now loaded: 0)
System memory in use before: 88.7 MB.
System memory in use after: 88.7 MB.

Unloading 12 unused Assets to reduce memory usage. Loaded Objects now: 2288.
Total: 1.871500 ms (FindLiveObjects: 0.177800 ms CreateObjectMapping: 0.058500 ms MarkObjects: 1.539100 ms  DeleteObjects: 0.094700 ms)

========================================================================
Received Import Request.
  Time since last request: 138.433532 seconds.
  path: Assets/Scripts/TimerDisplay.cs
  artifactKey: Guid(e2b35f88127b6e34c91154c659a433b6) Importer(815301076,1909f56bfc062723c751e8b465ee728b)
Start importing Assets/Scripts/TimerDisplay.cs using Guid(e2b35f88127b6e34c91154c659a433b6) Importer(815301076,1909f56bfc062723c751e8b465ee728b)  -> (artifact id: '3cd2e9db0a25b7c102c7b2717c81f8cf') in 0.004295 seconds
  Import took 0.007131 seconds .

========================================================================
Received Prepare
Registering precompiled user dll's ...
Registered in 0.000903 seconds.
Begin MonoManager ReloadAssembly
Native extension for WindowsStandalone target not found
Refreshing native plugins compatible for Editor in 0.31 ms, found 1 plugins.
Preloading 0 native plugins for Editor in 0.00 ms.
Invoked RoslynAnalysisRunner static constructor.
RoslynAnalysisRunner will not be running.
RoslynAnalysisRunner has terminated.
Mono: successfully reloaded assembly
- Completed reload, in  0.802 seconds
Platform modules already initialized, skipping
Refreshing native plugins compatible for Editor in 0.33 ms, found 1 plugins.
Preloading 0 native plugins for Editor in 0.00 ms.
Unloading 1796 Unused Serialized files (Serialized files now loaded: 0)
System memory in use before: 88.8 MB.
System memory in use after: 88.8 MB.

Unloading 12 unused Assets to reduce memory usage. Loaded Objects now: 2291.
Total: 5.678700 ms (FindLiveObjects: 0.448100 ms CreateObjectMapping: 0.210000 ms MarkObjects: 4.796500 ms  DeleteObjects: 0.221000 ms)

========================================================================
Received Prepare
Registering precompiled user dll's ...
Registered in 0.000938 seconds.
Begin MonoManager ReloadAssembly
Native extension for WindowsStandalone target not found
Refreshing native plugins compatible for Editor in 0.31 ms, found 1 plugins.
Preloading 0 native plugins for Editor in 0.00 ms.
Invoked RoslynAnalysisRunner static constructor.
RoslynAnalysisRunner will not be running.
RoslynAnalysisRunner has terminated.
Mono: successfully reloaded assembly
- Completed reload, in  0.754 seconds
Platform modules already initialized, skipping
Refreshing native plugins compatible for Editor in 0.34 ms, found 1 plugins.
Preloading 0 native plugins for Editor in 0.00 ms.
Unloading 1796 Unused Serialized files (Serialized files now loaded: 0)
System memory in use before: 88.9 MB.
System memory in use after: 88.9 MB.

Unloading 12 unused Assets to reduce memory usage. Loaded Objects now: 2294.
Total: 2.099500 ms (FindLiveObjects: 0.172900 ms CreateObjectMapping: 0.062500 ms MarkObjects: 1.763200 ms  DeleteObjects: 0.099200 ms)

========================================================================
Received Prepare
Registering precompiled user dll's ...
Registered in 0.000901 seconds.
Begin MonoManager ReloadAssembly
Native extension for WindowsStandalone target not found
Refreshing native plugins compatible for Editor in 0.32 ms, found 1 plugins.
Preloading 0 native plugins for Editor in 0.00 ms.
Invoked RoslynAnalysisRunner static constructor.
RoslynAnalysisRunner will not be running.
RoslynAnalysisRunner has terminated.
Mono: successfully reloaded assembly
- Completed reload, in  0.752 seconds
Platform modules already initialized, skipping
Refreshing native plugins compatible for Editor in 0.65 ms, found 1 plugins.
Preloading 0 native plugins for Editor in 0.00 ms.
Unloading 1796 Unused Serialized files (Serialized files now loaded: 0)
System memory in use before: 89.0 MB.
System memory in use after: 89.0 MB.

Unloading 12 unused Assets to reduce memory usage. Loaded Objects now: 2297.
Total: 4.101300 ms (FindLiveObjects: 0.351500 ms CreateObjectMapping: 0.156600 ms MarkObjects: 3.403100 ms  DeleteObjects: 0.188400 ms)

========================================================================
Received Prepare
Registering precompiled user dll's ...
Registered in 0.000886 seconds.
Begin MonoManager ReloadAssembly
Native extension for WindowsStandalone target not found
Refreshing native plugins compatible for Editor in 0.43 ms, found 1 plugins.
Preloading 0 native plugins for Editor in 0.00 ms.
Invoked RoslynAnalysisRunner static constructor.
RoslynAnalysisRunner will not be running.
RoslynAnalysisRunner has terminated.
Mono: successfully reloaded assembly
- Completed reload, in  0.735 seconds
Platform modules already initialized, skipping
Refreshing native plugins compatible for Editor in 0.36 ms, found 1 plugins.
Preloading 0 native plugins for Editor in 0.00 ms.
Unloading 1796 Unused Serialized files (Serialized files now loaded: 0)
System memory in use before: 89.1 MB.
System memory in use after: 89.1 MB.

Unloading 12 unused Assets to reduce memory usage. Loaded Objects now: 2300.
Total: 1.879300 ms (FindLiveObjects: 0.161500 ms CreateObjectMapping: 0.064000 ms MarkObjects: 1.556300 ms  DeleteObjects: 0.096700 ms)

========================================================================
Received Prepare
Registering precompiled user dll's ...
Registered in 0.000877 seconds.
Begin MonoManager ReloadAssembly
Native extension for WindowsStandalone target not found
Refreshing native plugins compatible for Editor in 0.38 ms, found 1 plugins.
Preloading 0 native plugins for Editor in 0.00 ms.
Invoked RoslynAnalysisRunner static constructor.
RoslynAnalysisRunner will not be running.
RoslynAnalysisRunner has terminated.
Mono: successfully reloaded assembly
- Completed reload, in  0.807 seconds
Platform modules already initialized, skipping
Refreshing native plugins compatible for Editor in 0.33 ms, found 1 plugins.
Preloading 0 native plugins for Editor in 0.00 ms.
Unloading 1796 Unused Serialized files (Serialized files now loaded: 0)
System memory in use before: 89.2 MB.
System memory in use after: 89.1 MB.

Unloading 12 unused Assets to reduce memory usage. Loaded Objects now: 2303.
Total: 1.879200 ms (FindLiveObjects: 0.186200 ms CreateObjectMapping: 0.060000 ms MarkObjects: 1.540900 ms  DeleteObjects: 0.091300 ms)

========================================================================
Received Prepare
Refreshing native plugins compatible for Editor in 2.18 ms, found 1 plugins.
Preloading 0 native plugins for Editor in 0.00 ms.
Unloading 10 Unused Serialized files (Serialized files now loaded: 0)
System memory in use before: 53.9 MB.
System memory in use after: 53.9 MB.

Unloading 10 unused Assets to reduce memory usage. Loaded Objects now: 2303.
Total: 120.787900 ms (FindLiveObjects: 3.506600 ms CreateObjectMapping: 0.119900 ms MarkObjects: 117.026900 ms  DeleteObjects: 0.132200 ms)

AssetImportWorkerClient::OnTransportError - code=2 error=End of file
