Using pre-set license
Built from '2020.2/release' branch; Version is '2020.2.2f1 (068178b99f32) revision 426360'; Using compiler version '192528614'; Build Type 'Release'
OS: 'Windows 10 Pro; OS build 19042.1288; Version 2009; 64bit' Language: 'en' Physical Memory: 16187 MB
BatchMode: 1, IsHumanControllingUs: 0, StartBugReporterOnCrash: 0, Is64bit: 1, IsPro: 0

 COMMAND LINE ARGUMENTS:
C:\Program Files\Unity\Hub\Editor\2020.2.2f1\Editor\Unity.exe
-adb2
-batchMode
-noUpm
-name
AssetImportWorker0
-projectPath
C:/Users/timhe/Desktop/Work and stuff/TAFE/TAFE Git/Cyber-Ninja
-logFile
Logs/AssetImportWorker0.log
-srvPort
61682
Successfully changed project path to: C:/Users/timhe/Desktop/Work and stuff/TAFE/TAFE Git/Cyber-Ninja
C:/Users/timhe/Desktop/Work and stuff/TAFE/TAFE Git/Cyber-Ninja
Using Asset Import Pipeline V2.
Refreshing native plugins compatible for Editor in 32.56 ms, found 1 plugins.
Preloading 0 native plugins for Editor in 0.00 ms.
Initialize engine version: 2020.2.2f1 (068178b99f32)
[Subsystems] Discovering subsystems at path C:/Program Files/Unity/Hub/Editor/2020.2.2f1/Editor/Data/Resources/UnitySubsystems
[Subsystems] Discovering subsystems at path C:/Users/timhe/Desktop/Work and stuff/TAFE/TAFE Git/Cyber-Ninja/Assets
GfxDevice: creating device client; threaded=0
Direct3D:
    Version:  Direct3D 11.0 [level 11.1]
    Renderer: NVIDIA GeForce GTX 1660 Ti (ID=0x2191)
    Vendor:   
    VRAM:     5991 MB
    Driver:   27.21.14.6230
Initialize mono
Mono path[0] = 'C:/Program Files/Unity/Hub/Editor/2020.2.2f1/Editor/Data/Managed'
Mono path[1] = 'C:/Program Files/Unity/Hub/Editor/2020.2.2f1/Editor/Data/MonoBleedingEdge/lib/mono/unityjit'
Mono config path = 'C:/Program Files/Unity/Hub/Editor/2020.2.2f1/Editor/Data/MonoBleedingEdge/etc'
Using monoOptions --debugger-agent=transport=dt_socket,embedding=1,server=y,suspend=n,address=127.0.0.1:56164
Begin MonoManager ReloadAssembly
Registering precompiled unity dll's ...
Register platform support module: C:/Program Files/Unity/Hub/Editor/2020.2.2f1/Editor/Data/PlaybackEngines/WindowsStandaloneSupport/UnityEditor.WindowsStandalone.Extensions.dll
Registered in 0.001761 seconds.
Native extension for WindowsStandalone target not found
Refreshing native plugins compatible for Editor in 31.58 ms, found 1 plugins.
Preloading 0 native plugins for Editor in 0.00 ms.
Invoked RoslynAnalysisRunner static constructor.
RoslynAnalysisRunner will not be running.
RoslynAnalysisRunner has terminated.
Mono: successfully reloaded assembly
- Completed reload, in  0.971 seconds
Platform modules already initialized, skipping
Registering precompiled user dll's ...
Registered in 0.000851 seconds.
Begin MonoManager ReloadAssembly
Native extension for WindowsStandalone target not found
Refreshing native plugins compatible for Editor in 35.37 ms, found 1 plugins.
Preloading 0 native plugins for Editor in 0.00 ms.
Invoked RoslynAnalysisRunner static constructor.
RoslynAnalysisRunner will not be running.
RoslynAnalysisRunner has terminated.
Mono: successfully reloaded assembly
- Completed reload, in  0.914 seconds
Platform modules already initialized, skipping
========================================================================
Worker process is ready to serve import requests
Launched and connected shader compiler UnityShaderCompiler.exe after 0.04 seconds
Refreshing native plugins compatible for Editor in 0.31 ms, found 1 plugins.
Preloading 0 native plugins for Editor in 0.00 ms.
Unloading 1800 Unused Serialized files (Serialized files now loaded: 0)
System memory in use before: 84.5 MB.
System memory in use after: 84.5 MB.

Unloading 23 unused Assets to reduce memory usage. Loaded Objects now: 2244.
Total: 1.981700 ms (FindLiveObjects: 0.160800 ms CreateObjectMapping: 0.063300 ms MarkObjects: 1.655100 ms  DeleteObjects: 0.101800 ms)

========================================================================
Received Import Request.
  path: Assets/Art/title.png
  artifactKey: Guid(fdc382749433c8f4cbd8dc355793c46a) Importer(815301076,1909f56bfc062723c751e8b465ee728b)
Start importing Assets/Art/title.png using Guid(fdc382749433c8f4cbd8dc355793c46a) Importer(815301076,1909f56bfc062723c751e8b465ee728b)  -> (artifact id: '68a535a913d93a7b3399da3b32d571f8') in 0.095103 seconds
  Import took 0.098028 seconds .

========================================================================
Received Import Request.
  Time since last request: 7.112334 seconds.
  path: Assets/Art/title.png
  artifactKey: Guid(fdc382749433c8f4cbd8dc355793c46a) Importer(815301076,1909f56bfc062723c751e8b465ee728b)
Start importing Assets/Art/title.png using Guid(fdc382749433c8f4cbd8dc355793c46a) Importer(815301076,1909f56bfc062723c751e8b465ee728b)  -> (artifact id: 'cee2e7ecf6d18b280807be892b5d801c') in 0.041215 seconds
  Import took 0.043948 seconds .

========================================================================
Received Import Request.
  Time since last request: 282.451867 seconds.
  path: Assets/Scripts/EnemyScroller.cs
  artifactKey: Guid(f512f048dcbe2f84b9dd3172f974e6ae) Importer(815301076,1909f56bfc062723c751e8b465ee728b)
Start importing Assets/Scripts/EnemyScroller.cs using Guid(f512f048dcbe2f84b9dd3172f974e6ae) Importer(815301076,1909f56bfc062723c751e8b465ee728b)  -> (artifact id: '07f0af9439fd2a60cae1d27d853e1d7d') in 0.018179 seconds
  Import took 0.021393 seconds .

========================================================================
Received Prepare
Registering precompiled user dll's ...
Registered in 0.000826 seconds.
Begin MonoManager ReloadAssembly
Native extension for WindowsStandalone target not found
Refreshing native plugins compatible for Editor in 0.31 ms, found 1 plugins.
Preloading 0 native plugins for Editor in 0.00 ms.
Invoked RoslynAnalysisRunner static constructor.
RoslynAnalysisRunner will not be running.
RoslynAnalysisRunner has terminated.
Mono: successfully reloaded assembly
- Completed reload, in  0.758 seconds
Platform modules already initialized, skipping
Refreshing native plugins compatible for Editor in 0.35 ms, found 1 plugins.
Preloading 0 native plugins for Editor in 0.00 ms.
Unloading 1795 Unused Serialized files (Serialized files now loaded: 0)
System memory in use before: 87.7 MB.
System memory in use after: 87.7 MB.

Unloading 12 unused Assets to reduce memory usage. Loaded Objects now: 2253.
Total: 2.227200 ms (FindLiveObjects: 0.301400 ms CreateObjectMapping: 0.086800 ms MarkObjects: 1.706400 ms  DeleteObjects: 0.131600 ms)

========================================================================
Received Prepare
Registering precompiled user dll's ...
Registered in 0.001344 seconds.
Begin MonoManager ReloadAssembly
Native extension for WindowsStandalone target not found
Refreshing native plugins compatible for Editor in 0.31 ms, found 1 plugins.
Preloading 0 native plugins for Editor in 0.00 ms.
Invoked RoslynAnalysisRunner static constructor.
RoslynAnalysisRunner will not be running.
RoslynAnalysisRunner has terminated.
Mono: successfully reloaded assembly
- Completed reload, in  0.747 seconds
Platform modules already initialized, skipping
Refreshing native plugins compatible for Editor in 0.34 ms, found 1 plugins.
Preloading 0 native plugins for Editor in 0.00 ms.
Unloading 1795 Unused Serialized files (Serialized files now loaded: 0)
System memory in use before: 87.8 MB.
System memory in use after: 87.8 MB.

Unloading 12 unused Assets to reduce memory usage. Loaded Objects now: 2256.
Total: 1.856000 ms (FindLiveObjects: 0.180500 ms CreateObjectMapping: 0.047200 ms MarkObjects: 1.539500 ms  DeleteObjects: 0.087900 ms)

========================================================================
Received Prepare
Registering precompiled user dll's ...
Registered in 0.000863 seconds.
Begin MonoManager ReloadAssembly
Native extension for WindowsStandalone target not found
Refreshing native plugins compatible for Editor in 0.31 ms, found 1 plugins.
Preloading 0 native plugins for Editor in 0.00 ms.
Invoked RoslynAnalysisRunner static constructor.
RoslynAnalysisRunner will not be running.
RoslynAnalysisRunner has terminated.
Mono: successfully reloaded assembly
- Completed reload, in  0.755 seconds
Platform modules already initialized, skipping
Refreshing native plugins compatible for Editor in 0.42 ms, found 1 plugins.
Preloading 0 native plugins for Editor in 0.00 ms.
Unloading 1795 Unused Serialized files (Serialized files now loaded: 0)
System memory in use before: 87.9 MB.
System memory in use after: 87.9 MB.

Unloading 12 unused Assets to reduce memory usage. Loaded Objects now: 2259.
Total: 2.070900 ms (FindLiveObjects: 0.175200 ms CreateObjectMapping: 0.050000 ms MarkObjects: 1.751300 ms  DeleteObjects: 0.093500 ms)

========================================================================
Received Prepare
Registering precompiled user dll's ...
Registered in 0.000908 seconds.
Begin MonoManager ReloadAssembly
Native extension for WindowsStandalone target not found
Refreshing native plugins compatible for Editor in 0.32 ms, found 1 plugins.
Preloading 0 native plugins for Editor in 0.00 ms.
Invoked RoslynAnalysisRunner static constructor.
RoslynAnalysisRunner will not be running.
RoslynAnalysisRunner has terminated.
Mono: successfully reloaded assembly
- Completed reload, in  0.757 seconds
Platform modules already initialized, skipping
Refreshing native plugins compatible for Editor in 0.36 ms, found 1 plugins.
Preloading 0 native plugins for Editor in 0.00 ms.
Unloading 1795 Unused Serialized files (Serialized files now loaded: 0)
System memory in use before: 88.0 MB.
System memory in use after: 88.0 MB.

Unloading 12 unused Assets to reduce memory usage. Loaded Objects now: 2262.
Total: 1.781800 ms (FindLiveObjects: 0.207000 ms CreateObjectMapping: 0.061100 ms MarkObjects: 1.417900 ms  DeleteObjects: 0.094700 ms)

========================================================================
Received Prepare
Registering precompiled user dll's ...
Registered in 0.000853 seconds.
Begin MonoManager ReloadAssembly
Native extension for WindowsStandalone target not found
Refreshing native plugins compatible for Editor in 0.31 ms, found 1 plugins.
Preloading 0 native plugins for Editor in 0.00 ms.
Invoked RoslynAnalysisRunner static constructor.
RoslynAnalysisRunner will not be running.
RoslynAnalysisRunner has terminated.
Mono: successfully reloaded assembly
- Completed reload, in  0.778 seconds
Platform modules already initialized, skipping
Refreshing native plugins compatible for Editor in 0.33 ms, found 1 plugins.
Preloading 0 native plugins for Editor in 0.00 ms.
Unloading 1795 Unused Serialized files (Serialized files now loaded: 0)
System memory in use before: 88.1 MB.
System memory in use after: 88.1 MB.

Unloading 12 unused Assets to reduce memory usage. Loaded Objects now: 2265.
Total: 1.894200 ms (FindLiveObjects: 0.195000 ms CreateObjectMapping: 0.056500 ms MarkObjects: 1.547900 ms  DeleteObjects: 0.094200 ms)

========================================================================
Received Import Request.
  Time since last request: 1542.370653 seconds.
  path: Assets/Music/whoosh jump.flac
  artifactKey: Guid(d449de9ba997f55438b66c391cd71eee) Importer(815301076,1909f56bfc062723c751e8b465ee728b)
Start importing Assets/Music/whoosh jump.flac using Guid(d449de9ba997f55438b66c391cd71eee) Importer(815301076,1909f56bfc062723c751e8b465ee728b)  -> (artifact id: 'bb3eecb18753c44d8541b1160d9c6308') in 0.065144 seconds
  Import took 0.069113 seconds .

========================================================================
Received Prepare
Registering precompiled user dll's ...
Registered in 0.001119 seconds.
Begin MonoManager ReloadAssembly
Native extension for WindowsStandalone target not found
Refreshing native plugins compatible for Editor in 0.31 ms, found 1 plugins.
Preloading 0 native plugins for Editor in 0.00 ms.
Invoked RoslynAnalysisRunner static constructor.
RoslynAnalysisRunner will not be running.
RoslynAnalysisRunner has terminated.
Mono: successfully reloaded assembly
- Completed reload, in  0.763 seconds
Platform modules already initialized, skipping
Refreshing native plugins compatible for Editor in 0.32 ms, found 1 plugins.
Preloading 0 native plugins for Editor in 0.00 ms.
Unloading 1795 Unused Serialized files (Serialized files now loaded: 0)
System memory in use before: 88.2 MB.
System memory in use after: 88.2 MB.

Unloading 12 unused Assets to reduce memory usage. Loaded Objects now: 2275.
Total: 1.832000 ms (FindLiveObjects: 0.143600 ms CreateObjectMapping: 0.050900 ms MarkObjects: 1.552500 ms  DeleteObjects: 0.084500 ms)

========================================================================
Received Import Request.
  Time since last request: 99.193113 seconds.
  path: Assets/Prefabs/bike.prefab
  artifactKey: Guid(3f40b097aabbfcd46900410351925dd3) Importer(815301076,1909f56bfc062723c751e8b465ee728b)
Start importing Assets/Prefabs/bike.prefab using Guid(3f40b097aabbfcd46900410351925dd3) Importer(815301076,1909f56bfc062723c751e8b465ee728b)  -> (artifact id: '3a6743d2f9be3610994bb84f414d4eac') in 0.058979 seconds
  Import took 0.062578 seconds .

========================================================================
Received Import Request.
  Time since last request: 0.052142 seconds.
  path: Assets/Prefabs/bike.prefab
  artifactKey: Guid(3f40b097aabbfcd46900410351925dd3) Importer(815301076,1909f56bfc062723c751e8b465ee728b)
Start importing Assets/Prefabs/bike.prefab using Guid(3f40b097aabbfcd46900410351925dd3) Importer(815301076,1909f56bfc062723c751e8b465ee728b)  -> (artifact id: '3a6743d2f9be3610994bb84f414d4eac') in 0.015950 seconds
  Import took 0.018636 seconds .

========================================================================
Received Prepare
Registering precompiled user dll's ...
Registered in 0.000888 seconds.
Begin MonoManager ReloadAssembly
Native extension for WindowsStandalone target not found
Refreshing native plugins compatible for Editor in 0.31 ms, found 1 plugins.
Preloading 0 native plugins for Editor in 0.00 ms.
Invoked RoslynAnalysisRunner static constructor.
RoslynAnalysisRunner will not be running.
RoslynAnalysisRunner has terminated.
Mono: successfully reloaded assembly
- Completed reload, in  0.748 seconds
Platform modules already initialized, skipping
Refreshing native plugins compatible for Editor in 0.35 ms, found 1 plugins.
Preloading 0 native plugins for Editor in 0.00 ms.
Unloading 1795 Unused Serialized files (Serialized files now loaded: 0)
System memory in use before: 88.3 MB.
System memory in use after: 88.3 MB.

Unloading 12 unused Assets to reduce memory usage. Loaded Objects now: 2279.
Total: 1.968800 ms (FindLiveObjects: 0.233500 ms CreateObjectMapping: 0.069300 ms MarkObjects: 1.533700 ms  DeleteObjects: 0.131300 ms)

========================================================================
Received Import Request.
  Time since last request: 60.831390 seconds.
  path: Assets/Prefabs/bike.prefab
  artifactKey: Guid(3f40b097aabbfcd46900410351925dd3) Importer(815301076,1909f56bfc062723c751e8b465ee728b)
Start importing Assets/Prefabs/bike.prefab using Guid(3f40b097aabbfcd46900410351925dd3) Importer(815301076,1909f56bfc062723c751e8b465ee728b)  -> (artifact id: 'a6ad6beda43324f0d5508d9336bc24c6') in 0.049404 seconds
  Import took 0.057288 seconds .

========================================================================
Received Prepare
Registering precompiled user dll's ...
Registered in 0.000878 seconds.
Begin MonoManager ReloadAssembly
Native extension for WindowsStandalone target not found
Refreshing native plugins compatible for Editor in 0.31 ms, found 1 plugins.
Preloading 0 native plugins for Editor in 0.00 ms.
Invoked RoslynAnalysisRunner static constructor.
RoslynAnalysisRunner will not be running.
RoslynAnalysisRunner has terminated.
Mono: successfully reloaded assembly
- Completed reload, in  0.768 seconds
Platform modules already initialized, skipping
Refreshing native plugins compatible for Editor in 0.37 ms, found 1 plugins.
Preloading 0 native plugins for Editor in 0.00 ms.
Unloading 1795 Unused Serialized files (Serialized files now loaded: 0)
System memory in use before: 88.4 MB.
System memory in use after: 88.4 MB.

Unloading 12 unused Assets to reduce memory usage. Loaded Objects now: 2283.
Total: 1.971200 ms (FindLiveObjects: 0.280300 ms CreateObjectMapping: 0.063300 ms MarkObjects: 1.539200 ms  DeleteObjects: 0.087800 ms)

========================================================================
Received Import Request.
  Time since last request: 37.198274 seconds.
  path: Assets/Prefabs/4wd_2.prefab
  artifactKey: Guid(23f436e3a1ac4e543917bef3b2991e49) Importer(815301076,1909f56bfc062723c751e8b465ee728b)
Start importing Assets/Prefabs/4wd_2.prefab using Guid(23f436e3a1ac4e543917bef3b2991e49) Importer(815301076,1909f56bfc062723c751e8b465ee728b)  -> (artifact id: 'ca2fae135ee0d06a954eccd6f9518b71') in 0.059319 seconds
  Import took 0.062710 seconds .

========================================================================
Received Import Request.
  Time since last request: 79.347992 seconds.
  path: Assets/Prefabs/signs+darts_0.prefab
  artifactKey: Guid(fe37b4294c022794fbfa24e60166c1f3) Importer(815301076,1909f56bfc062723c751e8b465ee728b)
Start importing Assets/Prefabs/signs+darts_0.prefab using Guid(fe37b4294c022794fbfa24e60166c1f3) Importer(815301076,1909f56bfc062723c751e8b465ee728b)  -> (artifact id: '2525fdbd596185abe07a8a10256bae5d') in 0.015612 seconds
  Import took 0.019450 seconds .

========================================================================
Received Import Request.
  Time since last request: 22.636415 seconds.
  path: Assets/Prefabs/Circle.prefab
  artifactKey: Guid(e0179f41faf321f4daeaf66ed877dc0d) Importer(815301076,1909f56bfc062723c751e8b465ee728b)
Start importing Assets/Prefabs/Circle.prefab using Guid(e0179f41faf321f4daeaf66ed877dc0d) Importer(815301076,1909f56bfc062723c751e8b465ee728b)  -> (artifact id: '2769f20477a0c5c74ec22b63a6b8d6e3') in 0.014486 seconds
  Import took 0.017746 seconds .

========================================================================
Received Import Request.
  Time since last request: 36.003710 seconds.
  path: Assets/Prefabs/Square.prefab
  artifactKey: Guid(15cbcc35d30c8fc49b56f2c8a1ac25d5) Importer(815301076,1909f56bfc062723c751e8b465ee728b)
Start importing Assets/Prefabs/Square.prefab using Guid(15cbcc35d30c8fc49b56f2c8a1ac25d5) Importer(815301076,1909f56bfc062723c751e8b465ee728b)  -> (artifact id: 'd2326f79a5f50fc99825cd98276a6018') in 0.016126 seconds
  Import took 0.019316 seconds .

========================================================================
Received Prepare
Registering precompiled user dll's ...
Registered in 0.000937 seconds.
Begin MonoManager ReloadAssembly
Native extension for WindowsStandalone target not found
Refreshing native plugins compatible for Editor in 0.31 ms, found 1 plugins.
Preloading 0 native plugins for Editor in 0.00 ms.
Invoked RoslynAnalysisRunner static constructor.
RoslynAnalysisRunner will not be running.
RoslynAnalysisRunner has terminated.
Mono: successfully reloaded assembly
- Completed reload, in  0.799 seconds
Platform modules already initialized, skipping
Refreshing native plugins compatible for Editor in 0.33 ms, found 1 plugins.
Preloading 0 native plugins for Editor in 0.00 ms.
Unloading 1795 Unused Serialized files (Serialized files now loaded: 0)
System memory in use before: 88.5 MB.
System memory in use after: 88.5 MB.

Unloading 12 unused Assets to reduce memory usage. Loaded Objects now: 2287.
Total: 1.892800 ms (FindLiveObjects: 0.169400 ms CreateObjectMapping: 0.053800 ms MarkObjects: 1.566000 ms  DeleteObjects: 0.102700 ms)

========================================================================
Received Import Request.
  Time since last request: 209.294629 seconds.
  path: Assets/Prefabs/signs+darts_2 1.prefab
  artifactKey: Guid(9a2d170ba301e9c4f93f1d4ec3335410) Importer(815301076,1909f56bfc062723c751e8b465ee728b)
Start importing Assets/Prefabs/signs+darts_2 1.prefab using Guid(9a2d170ba301e9c4f93f1d4ec3335410) Importer(815301076,1909f56bfc062723c751e8b465ee728b)  -> (artifact id: '232a8fd512f191fe98057dae75723c1a') in 0.060509 seconds
  Import took 0.063877 seconds .

========================================================================
Received Import Request.
  Time since last request: 24.973260 seconds.
  path: Assets/Prefabs/signs+darts_3.prefab
  artifactKey: Guid(43d2819a5d8e9cc48b81cf0cabfe3499) Importer(815301076,1909f56bfc062723c751e8b465ee728b)
Start importing Assets/Prefabs/signs+darts_3.prefab using Guid(43d2819a5d8e9cc48b81cf0cabfe3499) Importer(815301076,1909f56bfc062723c751e8b465ee728b)  -> (artifact id: '1a093218db259d0f0420b3f340814e69') in 0.014441 seconds
  Import took 0.018772 seconds .

========================================================================
Received Import Request.
  Time since last request: 95.738319 seconds.
  path: Assets/Prefabs/signs+darts_3.prefab
  artifactKey: Guid(43d2819a5d8e9cc48b81cf0cabfe3499) Importer(815301076,1909f56bfc062723c751e8b465ee728b)
Start importing Assets/Prefabs/signs+darts_3.prefab using Guid(43d2819a5d8e9cc48b81cf0cabfe3499) Importer(815301076,1909f56bfc062723c751e8b465ee728b)  -> (artifact id: 'be81911a418eb3da2c14908093b844c2') in 0.014981 seconds
  Import took 0.018458 seconds .

========================================================================
Received Import Request.
  Time since last request: 2.396622 seconds.
  path: Assets/Prefabs/signs+darts_3.prefab
  artifactKey: Guid(43d2819a5d8e9cc48b81cf0cabfe3499) Importer(815301076,1909f56bfc062723c751e8b465ee728b)
Start importing Assets/Prefabs/signs+darts_3.prefab using Guid(43d2819a5d8e9cc48b81cf0cabfe3499) Importer(815301076,1909f56bfc062723c751e8b465ee728b)  -> (artifact id: 'e21d63f1f0c978d9ec4836a09e610b08') in 0.012105 seconds
  Import took 0.015516 seconds .

========================================================================
Received Import Request.
  Time since last request: 14.556386 seconds.
  path: Assets/Prefabs/signs+darts_0.prefab
  artifactKey: Guid(fe37b4294c022794fbfa24e60166c1f3) Importer(815301076,1909f56bfc062723c751e8b465ee728b)
Start importing Assets/Prefabs/signs+darts_0.prefab using Guid(fe37b4294c022794fbfa24e60166c1f3) Importer(815301076,1909f56bfc062723c751e8b465ee728b)  -> (artifact id: '0b4d9c9fb6cb69299092471462770414') in 0.011765 seconds
  Import took 0.015083 seconds .

========================================================================
Received Import Request.
  Time since last request: 1.394391 seconds.
  path: Assets/Prefabs/signs+darts_0.prefab
  artifactKey: Guid(fe37b4294c022794fbfa24e60166c1f3) Importer(815301076,1909f56bfc062723c751e8b465ee728b)
Start importing Assets/Prefabs/signs+darts_0.prefab using Guid(fe37b4294c022794fbfa24e60166c1f3) Importer(815301076,1909f56bfc062723c751e8b465ee728b)  -> (artifact id: '9e4d4e5403d61dd7e9cd8514554c6722') in 0.011117 seconds
  Import took 0.014717 seconds .

========================================================================
Received Import Request.
  Time since last request: 0.995132 seconds.
  path: Assets/Prefabs/signs+darts_0.prefab
  artifactKey: Guid(fe37b4294c022794fbfa24e60166c1f3) Importer(815301076,1909f56bfc062723c751e8b465ee728b)
Start importing Assets/Prefabs/signs+darts_0.prefab using Guid(fe37b4294c022794fbfa24e60166c1f3) Importer(815301076,1909f56bfc062723c751e8b465ee728b)  -> (artifact id: '0fa51e44dff05776513166412710731b') in 0.010029 seconds
  Import took 0.014026 seconds .

========================================================================
Received Import Request.
  Time since last request: 1.803819 seconds.
  path: Assets/Prefabs/signs+darts_0.prefab
  artifactKey: Guid(fe37b4294c022794fbfa24e60166c1f3) Importer(815301076,1909f56bfc062723c751e8b465ee728b)
Start importing Assets/Prefabs/signs+darts_0.prefab using Guid(fe37b4294c022794fbfa24e60166c1f3) Importer(815301076,1909f56bfc062723c751e8b465ee728b)  -> (artifact id: '83b74c5970d4e0db953203acc710dcd0') in 0.008926 seconds
  Import took 0.013349 seconds .

========================================================================
Received Import Request.
  Time since last request: 1.401602 seconds.
  path: Assets/Prefabs/signs+darts_0.prefab
  artifactKey: Guid(fe37b4294c022794fbfa24e60166c1f3) Importer(815301076,1909f56bfc062723c751e8b465ee728b)
Start importing Assets/Prefabs/signs+darts_0.prefab using Guid(fe37b4294c022794fbfa24e60166c1f3) Importer(815301076,1909f56bfc062723c751e8b465ee728b)  -> (artifact id: 'ad4a1b33464cb35ba58054d0759fde15') in 0.009129 seconds
  Import took 0.012757 seconds .

========================================================================
Received Import Request.
  Time since last request: 6.855745 seconds.
  path: Assets/Prefabs/signs+darts_0.prefab
  artifactKey: Guid(fe37b4294c022794fbfa24e60166c1f3) Importer(815301076,1909f56bfc062723c751e8b465ee728b)
Start importing Assets/Prefabs/signs+darts_0.prefab using Guid(fe37b4294c022794fbfa24e60166c1f3) Importer(815301076,1909f56bfc062723c751e8b465ee728b)  -> (artifact id: '00387294fe2000477941960f4e249d94') in 0.009534 seconds
  Import took 0.013763 seconds .

========================================================================
Received Import Request.
  Time since last request: 43.615778 seconds.
  path: Assets/Prefabs/signs+darts_0.prefab
  artifactKey: Guid(fe37b4294c022794fbfa24e60166c1f3) Importer(815301076,1909f56bfc062723c751e8b465ee728b)
Start importing Assets/Prefabs/signs+darts_0.prefab using Guid(fe37b4294c022794fbfa24e60166c1f3) Importer(815301076,1909f56bfc062723c751e8b465ee728b)  -> (artifact id: 'bb00bd22783886200e928f7bafafe443') in 0.009483 seconds
  Import took 0.013920 seconds .

========================================================================
Received Import Request.
  Time since last request: 2.000431 seconds.
  path: Assets/Prefabs/signs+darts_0.prefab
  artifactKey: Guid(fe37b4294c022794fbfa24e60166c1f3) Importer(815301076,1909f56bfc062723c751e8b465ee728b)
Start importing Assets/Prefabs/signs+darts_0.prefab using Guid(fe37b4294c022794fbfa24e60166c1f3) Importer(815301076,1909f56bfc062723c751e8b465ee728b)  -> (artifact id: '5f40d8232f59d3c54a280d9b148c5a98') in 0.007498 seconds
  Import took 0.010238 seconds .

========================================================================
Received Prepare
Registering precompiled user dll's ...
Registered in 0.000936 seconds.
Begin MonoManager ReloadAssembly
Native extension for WindowsStandalone target not found
Refreshing native plugins compatible for Editor in 0.32 ms, found 1 plugins.
Preloading 0 native plugins for Editor in 0.00 ms.
Invoked RoslynAnalysisRunner static constructor.
RoslynAnalysisRunner will not be running.
RoslynAnalysisRunner has terminated.
Mono: successfully reloaded assembly
- Completed reload, in  0.762 seconds
Platform modules already initialized, skipping
Refreshing native plugins compatible for Editor in 0.42 ms, found 1 plugins.
Preloading 0 native plugins for Editor in 0.00 ms.
Unloading 1795 Unused Serialized files (Serialized files now loaded: 0)
System memory in use before: 88.6 MB.
System memory in use after: 88.6 MB.

Unloading 12 unused Assets to reduce memory usage. Loaded Objects now: 2291.
Total: 2.190200 ms (FindLiveObjects: 0.314900 ms CreateObjectMapping: 0.107500 ms MarkObjects: 1.665800 ms  DeleteObjects: 0.101100 ms)

========================================================================
Received Import Request.
  Time since last request: 58.532018 seconds.
  path: Assets/Prefabs/signs+darts_0.prefab
  artifactKey: Guid(fe37b4294c022794fbfa24e60166c1f3) Importer(815301076,1909f56bfc062723c751e8b465ee728b)
Start importing Assets/Prefabs/signs+darts_0.prefab using Guid(fe37b4294c022794fbfa24e60166c1f3) Importer(815301076,1909f56bfc062723c751e8b465ee728b)  -> (artifact id: 'c7c07e533b77f627f6676f13618bb0f4') in 0.047089 seconds
  Import took 0.050228 seconds .

========================================================================
Received Import Request.
  Time since last request: 2.607483 seconds.
  path: Assets/Prefabs/signs+darts_2 1.prefab
  artifactKey: Guid(9a2d170ba301e9c4f93f1d4ec3335410) Importer(815301076,1909f56bfc062723c751e8b465ee728b)
Start importing Assets/Prefabs/signs+darts_2 1.prefab using Guid(9a2d170ba301e9c4f93f1d4ec3335410) Importer(815301076,1909f56bfc062723c751e8b465ee728b)  -> (artifact id: '484eabd9fe6bc0f73c8b8859445c4908') in 0.010814 seconds
  Import took 0.014923 seconds .

========================================================================
Received Import Request.
  Time since last request: 0.016870 seconds.
  path: Assets/Prefabs/signs+darts_2 1.prefab
  artifactKey: Guid(9a2d170ba301e9c4f93f1d4ec3335410) Importer(815301076,1909f56bfc062723c751e8b465ee728b)
Start importing Assets/Prefabs/signs+darts_2 1.prefab using Guid(9a2d170ba301e9c4f93f1d4ec3335410) Importer(815301076,1909f56bfc062723c751e8b465ee728b)  -> (artifact id: '484eabd9fe6bc0f73c8b8859445c4908') in 0.015547 seconds
  Import took 0.022471 seconds .

========================================================================
Received Import Request.
  Time since last request: 3.436858 seconds.
  path: Assets/Prefabs/signs+darts_3.prefab
  artifactKey: Guid(43d2819a5d8e9cc48b81cf0cabfe3499) Importer(815301076,1909f56bfc062723c751e8b465ee728b)
Start importing Assets/Prefabs/signs+darts_3.prefab using Guid(43d2819a5d8e9cc48b81cf0cabfe3499) Importer(815301076,1909f56bfc062723c751e8b465ee728b)  -> (artifact id: '4cb7747f711f174eae7a22d198b9ea42') in 0.008915 seconds
  Import took 0.012407 seconds .

========================================================================
Received Import Request.
  Time since last request: 0.010353 seconds.
  path: Assets/Prefabs/signs+darts_3.prefab
  artifactKey: Guid(43d2819a5d8e9cc48b81cf0cabfe3499) Importer(815301076,1909f56bfc062723c751e8b465ee728b)
Start importing Assets/Prefabs/signs+darts_3.prefab using Guid(43d2819a5d8e9cc48b81cf0cabfe3499) Importer(815301076,1909f56bfc062723c751e8b465ee728b)  -> (artifact id: '4cb7747f711f174eae7a22d198b9ea42') in 0.008951 seconds
  Import took 0.012108 seconds .

========================================================================
Received Prepare
Registering precompiled user dll's ...
Registered in 0.000911 seconds.
Begin MonoManager ReloadAssembly
Native extension for WindowsStandalone target not found
Refreshing native plugins compatible for Editor in 0.32 ms, found 1 plugins.
Preloading 0 native plugins for Editor in 0.00 ms.
Invoked RoslynAnalysisRunner static constructor.
RoslynAnalysisRunner will not be running.
RoslynAnalysisRunner has terminated.
Mono: successfully reloaded assembly
- Completed reload, in  0.821 seconds
Platform modules already initialized, skipping
Refreshing native plugins compatible for Editor in 0.31 ms, found 1 plugins.
Preloading 0 native plugins for Editor in 0.00 ms.
Unloading 1795 Unused Serialized files (Serialized files now loaded: 0)
System memory in use before: 88.7 MB.
System memory in use after: 88.7 MB.

Unloading 12 unused Assets to reduce memory usage. Loaded Objects now: 2295.
Total: 1.887800 ms (FindLiveObjects: 0.155000 ms CreateObjectMapping: 0.054500 ms MarkObjects: 1.587600 ms  DeleteObjects: 0.089800 ms)

========================================================================
Received Import Request.
  Time since last request: 64.234658 seconds.
  path: Assets/Art/Player 1.controller
  artifactKey: Guid(176a49be4155b9d44a31a57f8cdea230) Importer(815301076,1909f56bfc062723c751e8b465ee728b)
Start importing Assets/Art/Player 1.controller using Guid(176a49be4155b9d44a31a57f8cdea230) Importer(815301076,1909f56bfc062723c751e8b465ee728b)  -> (artifact id: 'c1f4e9ebde3c00ddef0afe473c81daf3') in 0.021364 seconds
  Import took 0.024223 seconds .

========================================================================
Received Import Request.
  Time since last request: 37.594642 seconds.
  path: Assets/Art/spinning.anim
  artifactKey: Guid(afab365d89e7ecf4d89d13d5d389baba) Importer(815301076,1909f56bfc062723c751e8b465ee728b)
Start importing Assets/Art/spinning.anim using Guid(afab365d89e7ecf4d89d13d5d389baba) Importer(815301076,1909f56bfc062723c751e8b465ee728b)  -> (artifact id: 'f42c1fb7b59bac125e27d01aec9e8432') in 0.010064 seconds
  Import took 0.012849 seconds .

========================================================================
Received Import Request.
  Time since last request: 0.002034 seconds.
  path: Assets/Art/spinning.anim
  artifactKey: Guid(afab365d89e7ecf4d89d13d5d389baba) Importer(815301076,1909f56bfc062723c751e8b465ee728b)
Start importing Assets/Art/spinning.anim using Guid(afab365d89e7ecf4d89d13d5d389baba) Importer(815301076,1909f56bfc062723c751e8b465ee728b)  -> (artifact id: 'f42c1fb7b59bac125e27d01aec9e8432') in 0.004885 seconds
  Import took 0.008248 seconds .

========================================================================
Received Import Request.
  Time since last request: 5.301430 seconds.
  path: Assets/Art/spinning again.anim
  artifactKey: Guid(85b00cf9ecbc9bd439e4a131a3f42339) Importer(815301076,1909f56bfc062723c751e8b465ee728b)
Start importing Assets/Art/spinning again.anim using Guid(85b00cf9ecbc9bd439e4a131a3f42339) Importer(815301076,1909f56bfc062723c751e8b465ee728b)  -> (artifact id: 'ac751928c5a3dde6ede62c8492aab6cb') in 0.008185 seconds
  Import took 0.011285 seconds .

========================================================================
Received Import Request.
  Time since last request: 0.000730 seconds.
  path: Assets/Art/spinning again.anim
  artifactKey: Guid(85b00cf9ecbc9bd439e4a131a3f42339) Importer(815301076,1909f56bfc062723c751e8b465ee728b)
Start importing Assets/Art/spinning again.anim using Guid(85b00cf9ecbc9bd439e4a131a3f42339) Importer(815301076,1909f56bfc062723c751e8b465ee728b)  -> (artifact id: 'ac751928c5a3dde6ede62c8492aab6cb') in 0.004192 seconds
  Import took 0.007226 seconds .

========================================================================
Received Import Request.
  Time since last request: 1.915587 seconds.
  path: Assets/Art/spinning 4point.anim
  artifactKey: Guid(491709c4fc582eb4b90dd25a8ba6ccb8) Importer(815301076,1909f56bfc062723c751e8b465ee728b)
Start importing Assets/Art/spinning 4point.anim using Guid(491709c4fc582eb4b90dd25a8ba6ccb8) Importer(815301076,1909f56bfc062723c751e8b465ee728b)  -> (artifact id: '40c117e6bd59c41892677fea99a8cb13') in 0.008503 seconds
  Import took 0.014472 seconds .

========================================================================
Received Import Request.
  Time since last request: 2.385852 seconds.
  path: Assets/Art/spinning 4point.anim
  artifactKey: Guid(491709c4fc582eb4b90dd25a8ba6ccb8) Importer(815301076,1909f56bfc062723c751e8b465ee728b)
Start importing Assets/Art/spinning 4point.anim using Guid(491709c4fc582eb4b90dd25a8ba6ccb8) Importer(815301076,1909f56bfc062723c751e8b465ee728b)  -> (artifact id: 'fbbca4438b9fa07f33741fd33a523aa7') in 0.003116 seconds
  Import took 0.005993 seconds .

========================================================================
Received Prepare
Registering precompiled user dll's ...
Registered in 0.000890 seconds.
Begin MonoManager ReloadAssembly
Native extension for WindowsStandalone target not found
Refreshing native plugins compatible for Editor in 0.30 ms, found 1 plugins.
Preloading 0 native plugins for Editor in 0.00 ms.
Invoked RoslynAnalysisRunner static constructor.
RoslynAnalysisRunner will not be running.
RoslynAnalysisRunner has terminated.
Mono: successfully reloaded assembly
- Completed reload, in  0.768 seconds
Platform modules already initialized, skipping
Refreshing native plugins compatible for Editor in 0.32 ms, found 1 plugins.
Preloading 0 native plugins for Editor in 0.00 ms.
Unloading 1795 Unused Serialized files (Serialized files now loaded: 0)
System memory in use before: 88.8 MB.
System memory in use after: 88.8 MB.

Unloading 12 unused Assets to reduce memory usage. Loaded Objects now: 2298.
Total: 1.929700 ms (FindLiveObjects: 0.163300 ms CreateObjectMapping: 0.056000 ms MarkObjects: 1.612000 ms  DeleteObjects: 0.097100 ms)

========================================================================
Received Prepare
Registering precompiled user dll's ...
Registered in 0.001034 seconds.
Begin MonoManager ReloadAssembly
Native extension for WindowsStandalone target not found
Refreshing native plugins compatible for Editor in 0.31 ms, found 1 plugins.
Preloading 0 native plugins for Editor in 0.00 ms.
Invoked RoslynAnalysisRunner static constructor.
RoslynAnalysisRunner will not be running.
RoslynAnalysisRunner has terminated.
Mono: successfully reloaded assembly
- Completed reload, in  0.762 seconds
Platform modules already initialized, skipping
Refreshing native plugins compatible for Editor in 0.49 ms, found 1 plugins.
Preloading 0 native plugins for Editor in 0.00 ms.
Unloading 1795 Unused Serialized files (Serialized files now loaded: 0)
System memory in use before: 88.9 MB.
System memory in use after: 88.9 MB.

Unloading 12 unused Assets to reduce memory usage. Loaded Objects now: 2301.
Total: 2.138900 ms (FindLiveObjects: 0.250700 ms CreateObjectMapping: 0.055800 ms MarkObjects: 1.737500 ms  DeleteObjects: 0.094100 ms)

========================================================================
Received Import Request.
  Time since last request: 234.639083 seconds.
  path: Assets/Scenes/MainMenu.unity
  artifactKey: Guid(09b6fc31e4cb5c24a96669fba82d0055) Importer(815301076,1909f56bfc062723c751e8b465ee728b)
Start importing Assets/Scenes/MainMenu.unity using Guid(09b6fc31e4cb5c24a96669fba82d0055) Importer(815301076,1909f56bfc062723c751e8b465ee728b)  -> (artifact id: '0f88d822d534a8d69a1b60fcd60c77f7') in 0.014675 seconds
  Import took 0.017882 seconds .

========================================================================
Received Prepare
Registering precompiled user dll's ...
Registered in 0.000917 seconds.
Begin MonoManager ReloadAssembly
Native extension for WindowsStandalone target not found
Refreshing native plugins compatible for Editor in 0.50 ms, found 1 plugins.
Preloading 0 native plugins for Editor in 0.00 ms.
Invoked RoslynAnalysisRunner static constructor.
RoslynAnalysisRunner will not be running.
RoslynAnalysisRunner has terminated.
Mono: successfully reloaded assembly
- Completed reload, in  0.760 seconds
Platform modules already initialized, skipping
Refreshing native plugins compatible for Editor in 0.42 ms, found 1 plugins.
Preloading 0 native plugins for Editor in 0.00 ms.
Unloading 1795 Unused Serialized files (Serialized files now loaded: 0)
System memory in use before: 89.0 MB.
System memory in use after: 89.0 MB.

Unloading 12 unused Assets to reduce memory usage. Loaded Objects now: 2304.
Total: 1.921200 ms (FindLiveObjects: 0.183000 ms CreateObjectMapping: 0.050800 ms MarkObjects: 1.587100 ms  DeleteObjects: 0.099500 ms)

========================================================================
Received Import Request.
  Time since last request: 374.362018 seconds.
  path: Assets/Scenes/SampleScene.unity
  artifactKey: Guid(2cda990e2423bbf4892e6590ba056729) Importer(815301076,1909f56bfc062723c751e8b465ee728b)
Start importing Assets/Scenes/SampleScene.unity using Guid(2cda990e2423bbf4892e6590ba056729) Importer(815301076,1909f56bfc062723c751e8b465ee728b)  -> (artifact id: 'ce7c98ea7d6ee62d77acf433ad878f66') in 0.015002 seconds
  Import took 0.022243 seconds .

========================================================================
Received Import Request.
  Time since last request: 44.449453 seconds.
  path: Assets/Scenes/MainMenu.unity
  artifactKey: Guid(09b6fc31e4cb5c24a96669fba82d0055) Importer(815301076,1909f56bfc062723c751e8b465ee728b)
Start importing Assets/Scenes/MainMenu.unity using Guid(09b6fc31e4cb5c24a96669fba82d0055) Importer(815301076,1909f56bfc062723c751e8b465ee728b)  -> (artifact id: 'ca6924e2271fe0036f993302d9586a3f') in 0.004234 seconds
  Import took 0.007414 seconds .

========================================================================
Received Prepare
Registering precompiled user dll's ...
Registered in 0.001146 seconds.
Begin MonoManager ReloadAssembly
Native extension for WindowsStandalone target not found
Refreshing native plugins compatible for Editor in 0.37 ms, found 1 plugins.
Preloading 0 native plugins for Editor in 0.00 ms.
Invoked RoslynAnalysisRunner static constructor.
RoslynAnalysisRunner will not be running.
RoslynAnalysisRunner has terminated.
Mono: successfully reloaded assembly
- Completed reload, in  0.922 seconds
Platform modules already initialized, skipping
Refreshing native plugins compatible for Editor in 0.48 ms, found 1 plugins.
Preloading 0 native plugins for Editor in 0.00 ms.
Unloading 1795 Unused Serialized files (Serialized files now loaded: 0)
System memory in use before: 89.1 MB.
System memory in use after: 89.1 MB.

Unloading 12 unused Assets to reduce memory usage. Loaded Objects now: 2307.
Total: 2.184700 ms (FindLiveObjects: 0.207100 ms CreateObjectMapping: 0.068300 ms MarkObjects: 1.804100 ms  DeleteObjects: 0.104100 ms)

========================================================================
Received Prepare
Registering precompiled user dll's ...
Registered in 0.000878 seconds.
Begin MonoManager ReloadAssembly
Native extension for WindowsStandalone target not found
Refreshing native plugins compatible for Editor in 0.32 ms, found 1 plugins.
Preloading 0 native plugins for Editor in 0.00 ms.
Invoked RoslynAnalysisRunner static constructor.
RoslynAnalysisRunner will not be running.
RoslynAnalysisRunner has terminated.
Mono: successfully reloaded assembly
- Completed reload, in  0.764 seconds
Platform modules already initialized, skipping
Refreshing native plugins compatible for Editor in 0.34 ms, found 1 plugins.
Preloading 0 native plugins for Editor in 0.00 ms.
Unloading 1795 Unused Serialized files (Serialized files now loaded: 0)
System memory in use before: 89.2 MB.
System memory in use after: 89.2 MB.

Unloading 12 unused Assets to reduce memory usage. Loaded Objects now: 2310.
Total: 1.811200 ms (FindLiveObjects: 0.202600 ms CreateObjectMapping: 0.057900 ms MarkObjects: 1.449400 ms  DeleteObjects: 0.100400 ms)

========================================================================
Received Prepare
Registering precompiled user dll's ...
Registered in 0.000876 seconds.
Begin MonoManager ReloadAssembly
Native extension for WindowsStandalone target not found
Refreshing native plugins compatible for Editor in 0.40 ms, found 1 plugins.
Preloading 0 native plugins for Editor in 0.00 ms.
Invoked RoslynAnalysisRunner static constructor.
RoslynAnalysisRunner will not be running.
RoslynAnalysisRunner has terminated.
Mono: successfully reloaded assembly
- Completed reload, in  0.738 seconds
Platform modules already initialized, skipping
Refreshing native plugins compatible for Editor in 0.32 ms, found 1 plugins.
Preloading 0 native plugins for Editor in 0.00 ms.
Unloading 1795 Unused Serialized files (Serialized files now loaded: 0)
System memory in use before: 89.3 MB.
System memory in use after: 89.3 MB.

Unloading 12 unused Assets to reduce memory usage. Loaded Objects now: 2313.
Total: 1.998300 ms (FindLiveObjects: 0.202200 ms CreateObjectMapping: 0.067400 ms MarkObjects: 1.627800 ms  DeleteObjects: 0.099700 ms)

========================================================================
Received Prepare
Registering precompiled user dll's ...
Registered in 0.001009 seconds.
Begin MonoManager ReloadAssembly
Native extension for WindowsStandalone target not found
Refreshing native plugins compatible for Editor in 0.31 ms, found 1 plugins.
Preloading 0 native plugins for Editor in 0.00 ms.
Invoked RoslynAnalysisRunner static constructor.
RoslynAnalysisRunner will not be running.
RoslynAnalysisRunner has terminated.
Mono: successfully reloaded assembly
- Completed reload, in  0.837 seconds
Platform modules already initialized, skipping
Refreshing native plugins compatible for Editor in 0.32 ms, found 1 plugins.
Preloading 0 native plugins for Editor in 0.00 ms.
Unloading 1795 Unused Serialized files (Serialized files now loaded: 0)
System memory in use before: 89.4 MB.
System memory in use after: 89.4 MB.

Unloading 12 unused Assets to reduce memory usage. Loaded Objects now: 2316.
Total: 2.080300 ms (FindLiveObjects: 0.167400 ms CreateObjectMapping: 0.053100 ms MarkObjects: 1.719400 ms  DeleteObjects: 0.139400 ms)

========================================================================
Received Prepare
Refreshing native plugins compatible for Editor in 1.77 ms, found 1 plugins.
Preloading 0 native plugins for Editor in 0.00 ms.
Unloading 10 Unused Serialized files (Serialized files now loaded: 0)
System memory in use before: 54.2 MB.
System memory in use after: 54.2 MB.

Unloading 10 unused Assets to reduce memory usage. Loaded Objects now: 2316.
Total: 2.147900 ms (FindLiveObjects: 0.177100 ms CreateObjectMapping: 0.057000 ms MarkObjects: 1.773100 ms  DeleteObjects: 0.139700 ms)

========================================================================
Received Import Request.
  Time since last request: 213.160113 seconds.
  path: Assets/Scenes/SampleScene.unity
  artifactKey: Guid(2cda990e2423bbf4892e6590ba056729) Importer(815301076,1909f56bfc062723c751e8b465ee728b)
Start importing Assets/Scenes/SampleScene.unity using Guid(2cda990e2423bbf4892e6590ba056729) Importer(815301076,1909f56bfc062723c751e8b465ee728b)  -> (artifact id: 'cd302a59d620952ea226b84263ea9026') in 0.010179 seconds
  Import took 0.012914 seconds .

========================================================================
Received Import Request.
  Time since last request: 0.001764 seconds.
  path: Assets/Scenes/SampleScene.unity
  artifactKey: Guid(2cda990e2423bbf4892e6590ba056729) Importer(815301076,1909f56bfc062723c751e8b465ee728b)
Start importing Assets/Scenes/SampleScene.unity using Guid(2cda990e2423bbf4892e6590ba056729) Importer(815301076,1909f56bfc062723c751e8b465ee728b)  -> (artifact id: 'cd302a59d620952ea226b84263ea9026') in 0.003067 seconds
  Import took 0.005685 seconds .

========================================================================
Received Prepare
Registering precompiled user dll's ...
Registered in 0.000882 seconds.
Begin MonoManager ReloadAssembly
Native extension for WindowsStandalone target not found
Refreshing native plugins compatible for Editor in 0.32 ms, found 1 plugins.
Preloading 0 native plugins for Editor in 0.00 ms.
Invoked RoslynAnalysisRunner static constructor.
RoslynAnalysisRunner will not be running.
RoslynAnalysisRunner has terminated.
Mono: successfully reloaded assembly
- Completed reload, in  0.745 seconds
Platform modules already initialized, skipping
Refreshing native plugins compatible for Editor in 0.42 ms, found 1 plugins.
Preloading 0 native plugins for Editor in 0.00 ms.
Unloading 1795 Unused Serialized files (Serialized files now loaded: 0)
System memory in use before: 89.5 MB.
System memory in use after: 89.5 MB.

Unloading 12 unused Assets to reduce memory usage. Loaded Objects now: 2319.
Total: 2.064500 ms (FindLiveObjects: 0.319700 ms CreateObjectMapping: 0.057500 ms MarkObjects: 1.595900 ms  DeleteObjects: 0.090300 ms)

========================================================================
Received Prepare
Registering precompiled user dll's ...
Registered in 0.000888 seconds.
Begin MonoManager ReloadAssembly
Native extension for WindowsStandalone target not found
Refreshing native plugins compatible for Editor in 0.31 ms, found 1 plugins.
Preloading 0 native plugins for Editor in 0.00 ms.
Invoked RoslynAnalysisRunner static constructor.
RoslynAnalysisRunner will not be running.
RoslynAnalysisRunner has terminated.
Mono: successfully reloaded assembly
- Completed reload, in  0.771 seconds
Platform modules already initialized, skipping
Refreshing native plugins compatible for Editor in 0.35 ms, found 1 plugins.
Preloading 0 native plugins for Editor in 0.00 ms.
Unloading 1795 Unused Serialized files (Serialized files now loaded: 0)
System memory in use before: 89.6 MB.
System memory in use after: 89.6 MB.

Unloading 12 unused Assets to reduce memory usage. Loaded Objects now: 2322.
Total: 2.144700 ms (FindLiveObjects: 0.214200 ms CreateObjectMapping: 0.108400 ms MarkObjects: 1.726400 ms  DeleteObjects: 0.094700 ms)

========================================================================
Received Prepare
Registering precompiled user dll's ...
Registered in 0.001028 seconds.
Begin MonoManager ReloadAssembly
Native extension for WindowsStandalone target not found
Refreshing native plugins compatible for Editor in 0.49 ms, found 1 plugins.
Preloading 0 native plugins for Editor in 0.00 ms.
Invoked RoslynAnalysisRunner static constructor.
RoslynAnalysisRunner will not be running.
RoslynAnalysisRunner has terminated.
Mono: successfully reloaded assembly
- Completed reload, in  0.996 seconds
Platform modules already initialized, skipping
Refreshing native plugins compatible for Editor in 0.32 ms, found 1 plugins.
Preloading 0 native plugins for Editor in 0.00 ms.
Unloading 1795 Unused Serialized files (Serialized files now loaded: 0)
System memory in use before: 89.7 MB.
System memory in use after: 89.7 MB.

Unloading 12 unused Assets to reduce memory usage. Loaded Objects now: 2325.
Total: 2.108500 ms (FindLiveObjects: 0.179000 ms CreateObjectMapping: 0.058400 ms MarkObjects: 1.772500 ms  DeleteObjects: 0.097500 ms)

========================================================================
Received Prepare
Registering precompiled user dll's ...
Registered in 0.001098 seconds.
Begin MonoManager ReloadAssembly
Native extension for WindowsStandalone target not found
Refreshing native plugins compatible for Editor in 0.31 ms, found 1 plugins.
Preloading 0 native plugins for Editor in 0.00 ms.
Invoked RoslynAnalysisRunner static constructor.
RoslynAnalysisRunner will not be running.
RoslynAnalysisRunner has terminated.
Mono: successfully reloaded assembly
- Completed reload, in  0.757 seconds
Platform modules already initialized, skipping
Refreshing native plugins compatible for Editor in 0.36 ms, found 1 plugins.
Preloading 0 native plugins for Editor in 0.00 ms.
Unloading 1795 Unused Serialized files (Serialized files now loaded: 0)
System memory in use before: 89.8 MB.
System memory in use after: 89.8 MB.

Unloading 12 unused Assets to reduce memory usage. Loaded Objects now: 2328.
Total: 2.229800 ms (FindLiveObjects: 0.278100 ms CreateObjectMapping: 0.103200 ms MarkObjects: 1.754300 ms  DeleteObjects: 0.093200 ms)

========================================================================
Received Prepare
Registering precompiled user dll's ...
Registered in 0.000948 seconds.
Begin MonoManager ReloadAssembly
Native extension for WindowsStandalone target not found
Refreshing native plugins compatible for Editor in 0.31 ms, found 1 plugins.
Preloading 0 native plugins for Editor in 0.00 ms.
Invoked RoslynAnalysisRunner static constructor.
RoslynAnalysisRunner will not be running.
RoslynAnalysisRunner has terminated.
Mono: successfully reloaded assembly
- Completed reload, in  0.791 seconds
Platform modules already initialized, skipping
Refreshing native plugins compatible for Editor in 0.43 ms, found 1 plugins.
Preloading 0 native plugins for Editor in 0.00 ms.
Unloading 1795 Unused Serialized files (Serialized files now loaded: 0)
System memory in use before: 89.9 MB.
System memory in use after: 89.9 MB.

Unloading 12 unused Assets to reduce memory usage. Loaded Objects now: 2331.
Total: 1.944800 ms (FindLiveObjects: 0.212300 ms CreateObjectMapping: 0.053100 ms MarkObjects: 1.572000 ms  DeleteObjects: 0.106600 ms)

========================================================================
Received Prepare
Registering precompiled user dll's ...
Registered in 0.000854 seconds.
Begin MonoManager ReloadAssembly
Native extension for WindowsStandalone target not found
Refreshing native plugins compatible for Editor in 0.31 ms, found 1 plugins.
Preloading 0 native plugins for Editor in 0.00 ms.
Invoked RoslynAnalysisRunner static constructor.
RoslynAnalysisRunner will not be running.
RoslynAnalysisRunner has terminated.
Mono: successfully reloaded assembly
- Completed reload, in  0.740 seconds
Platform modules already initialized, skipping
Refreshing native plugins compatible for Editor in 0.34 ms, found 1 plugins.
Preloading 0 native plugins for Editor in 0.00 ms.
Unloading 1795 Unused Serialized files (Serialized files now loaded: 0)
System memory in use before: 89.0 MB.
System memory in use after: 89.0 MB.

Unloading 12 unused Assets to reduce memory usage. Loaded Objects now: 2334.
Total: 2.046300 ms (FindLiveObjects: 0.188800 ms CreateObjectMapping: 0.072000 ms MarkObjects: 1.683800 ms  DeleteObjects: 0.099300 ms)

========================================================================
Received Import Request.
  Time since last request: 512.196057 seconds.
  path: Assets/Scenes/MainMenu.unity
  artifactKey: Guid(09b6fc31e4cb5c24a96669fba82d0055) Importer(815301076,1909f56bfc062723c751e8b465ee728b)
Start importing Assets/Scenes/MainMenu.unity using Guid(09b6fc31e4cb5c24a96669fba82d0055) Importer(815301076,1909f56bfc062723c751e8b465ee728b)  -> (artifact id: '77d676d5b0247bfbaef546f979b71cbb') in 0.012337 seconds
  Import took 0.019380 seconds .

========================================================================
Received Prepare
Registering precompiled user dll's ...
Registered in 0.000839 seconds.
Begin MonoManager ReloadAssembly
Native extension for WindowsStandalone target not found
Refreshing native plugins compatible for Editor in 0.31 ms, found 1 plugins.
Preloading 0 native plugins for Editor in 0.00 ms.
Invoked RoslynAnalysisRunner static constructor.
RoslynAnalysisRunner will not be running.
RoslynAnalysisRunner has terminated.
Mono: successfully reloaded assembly
- Completed reload, in  0.750 seconds
Platform modules already initialized, skipping
Refreshing native plugins compatible for Editor in 0.34 ms, found 1 plugins.
Preloading 0 native plugins for Editor in 0.00 ms.
Unloading 1795 Unused Serialized files (Serialized files now loaded: 0)
System memory in use before: 89.1 MB.
System memory in use after: 89.1 MB.

Unloading 12 unused Assets to reduce memory usage. Loaded Objects now: 2337.
Total: 2.347500 ms (FindLiveObjects: 0.204500 ms CreateObjectMapping: 0.066100 ms MarkObjects: 1.979800 ms  DeleteObjects: 0.096300 ms)

========================================================================
Received Prepare
Refreshing native plugins compatible for Editor in 1.56 ms, found 1 plugins.
Preloading 0 native plugins for Editor in 0.00 ms.
Unloading 10 Unused Serialized files (Serialized files now loaded: 0)
System memory in use before: 53.9 MB.
System memory in use after: 53.9 MB.

Unloading 10 unused Assets to reduce memory usage. Loaded Objects now: 2337.
Total: 1.985900 ms (FindLiveObjects: 0.280100 ms CreateObjectMapping: 0.087700 ms MarkObjects: 1.525800 ms  DeleteObjects: 0.091600 ms)

AssetImportWorkerClient::OnTransportError - code=2 error=End of file
